{"/Users/rishitachoubey/github-clone-app/src/App.js": {"path":"/Users/rishitachoubey/github-clone-app/src/App.js","statementMap":{"0":{"start":{"line":23,"column":12},"end":{"line":277,"column":1}},"1":{"start":{"line":24,"column":35},"end":{"line":24,"column":70}},"2":{"start":{"line":25,"column":38},"end":{"line":25,"column":52}},"3":{"start":{"line":26,"column":38},"end":{"line":26,"column":52}},"4":{"start":{"line":27,"column":34},"end":{"line":27,"column":46}},"5":{"start":{"line":28,"column":42},"end":{"line":28,"column":57}},"6":{"start":{"line":29,"column":48},"end":{"line":29,"column":60}},"7":{"start":{"line":30,"column":50},"end":{"line":30,"column":69}},"8":{"start":{"line":31,"column":16},"end":{"line":31,"column":26}},"9":{"start":{"line":33,"column":23},"end":{"line":46,"column":4}},"10":{"start":{"line":36,"column":6},"end":{"line":36,"column":59}},"11":{"start":{"line":37,"column":6},"end":{"line":37,"column":37}},"12":{"start":{"line":38,"column":6},"end":{"line":38,"column":28}},"13":{"start":{"line":39,"column":6},"end":{"line":39,"column":26}},"14":{"start":{"line":42,"column":6},"end":{"line":42,"column":70}},"15":{"start":{"line":43,"column":6},"end":{"line":43,"column":35}},"16":{"start":{"line":44,"column":6},"end":{"line":44,"column":28}},"17":{"start":{"line":48,"column":2},"end":{"line":55,"column":3}},"18":{"start":{"line":49,"column":4},"end":{"line":54,"column":6}},"19":{"start":{"line":57,"column":2},"end":{"line":63,"column":3}},"20":{"start":{"line":58,"column":4},"end":{"line":62,"column":6}},"21":{"start":{"line":65,"column":16},"end":{"line":65,"column":55}},"22":{"start":{"line":67,"column":2},"end":{"line":276,"column":4}},"23":{"start":{"line":71,"column":10},"end":{"line":71,"column":34}},"24":{"start":{"line":72,"column":10},"end":{"line":72,"column":41}},"25":{"start":{"line":73,"column":10},"end":{"line":73,"column":32}},"26":{"start":{"line":76,"column":10},"end":{"line":76,"column":34}},"27":{"start":{"line":77,"column":10},"end":{"line":77,"column":39}},"28":{"start":{"line":78,"column":10},"end":{"line":78,"column":32}},"29":{"start":{"line":87,"column":8},"end":{"line":258,"column":15}},"30":{"start":{"line":107,"column":22},"end":{"line":107,"column":52}},"31":{"start":{"line":108,"column":4},"end":{"line":108,"column":71}},"32":{"start":{"line":108,"column":64},"end":{"line":108,"column":71}},"33":{"start":{"line":111,"column":4},"end":{"line":111,"column":59}},"34":{"start":{"line":130,"column":8},"end":{"line":130,"column":28}},"35":{"start":{"line":131,"column":8},"end":{"line":131,"column":40}},"36":{"start":{"line":157,"column":25},"end":{"line":157,"column":52}},"37":{"start":{"line":165,"column":10},"end":{"line":165,"column":30}},"38":{"start":{"line":166,"column":10},"end":{"line":171,"column":13}},"39":{"start":{"line":181,"column":10},"end":{"line":181,"column":30}},"40":{"start":{"line":182,"column":10},"end":{"line":182,"column":30}},"41":{"start":{"line":197,"column":10},"end":{"line":197,"column":30}},"42":{"start":{"line":198,"column":10},"end":{"line":198,"column":33}},"43":{"start":{"line":199,"column":10},"end":{"line":199,"column":46}},"44":{"start":{"line":236,"column":20},"end":{"line":252,"column":25}},"45":{"start":{"line":264,"column":23},"end":{"line":264,"column":45}},"46":{"start":{"line":268,"column":25},"end":{"line":268,"column":47}}},"fnMap":{"0":{"name":"(anonymous_0)","decl":{"start":{"line":23,"column":12},"end":{"line":23,"column":13}},"loc":{"start":{"line":23,"column":18},"end":{"line":277,"column":1}},"line":23},"1":{"name":"(anonymous_1)","decl":{"start":{"line":35,"column":17},"end":{"line":35,"column":18}},"loc":{"start":{"line":35,"column":23},"end":{"line":40,"column":5}},"line":35},"2":{"name":"(anonymous_2)","decl":{"start":{"line":41,"column":13},"end":{"line":41,"column":14}},"loc":{"start":{"line":41,"column":22},"end":{"line":45,"column":5}},"line":41},"3":{"name":"(anonymous_3)","decl":{"start":{"line":70,"column":19},"end":{"line":70,"column":20}},"loc":{"start":{"line":70,"column":28},"end":{"line":74,"column":9}},"line":70},"4":{"name":"(anonymous_4)","decl":{"start":{"line":75,"column":17},"end":{"line":75,"column":18}},"loc":{"start":{"line":75,"column":26},"end":{"line":79,"column":9}},"line":75},"5":{"name":"(anonymous_5)","decl":{"start":{"line":86,"column":17},"end":{"line":86,"column":18}},"loc":{"start":{"line":87,"column":8},"end":{"line":258,"column":15}},"line":87},"6":{"name":"(anonymous_6)","decl":{"start":{"line":106,"column":11},"end":{"line":106,"column":12}},"loc":{"start":{"line":106,"column":18},"end":{"line":112,"column":3}},"line":106},"7":{"name":"(anonymous_7)","decl":{"start":{"line":129,"column":15},"end":{"line":129,"column":16}},"loc":{"start":{"line":129,"column":22},"end":{"line":132,"column":7}},"line":129},"8":{"name":"(anonymous_8)","decl":{"start":{"line":157,"column":18},"end":{"line":157,"column":19}},"loc":{"start":{"line":157,"column":25},"end":{"line":157,"column":52}},"line":157},"9":{"name":"(anonymous_9)","decl":{"start":{"line":164,"column":17},"end":{"line":164,"column":18}},"loc":{"start":{"line":164,"column":24},"end":{"line":172,"column":9}},"line":164},"10":{"name":"(anonymous_10)","decl":{"start":{"line":180,"column":17},"end":{"line":180,"column":18}},"loc":{"start":{"line":180,"column":24},"end":{"line":183,"column":9}},"line":180},"11":{"name":"(anonymous_11)","decl":{"start":{"line":196,"column":17},"end":{"line":196,"column":18}},"loc":{"start":{"line":196,"column":24},"end":{"line":200,"column":9}},"line":196},"12":{"name":"(anonymous_12)","decl":{"start":{"line":235,"column":47},"end":{"line":235,"column":48}},"loc":{"start":{"line":236,"column":20},"end":{"line":252,"column":25}},"line":236},"13":{"name":"(anonymous_13)","decl":{"start":{"line":264,"column":17},"end":{"line":264,"column":18}},"loc":{"start":{"line":264,"column":23},"end":{"line":264,"column":45}},"line":264},"14":{"name":"(anonymous_14)","decl":{"start":{"line":268,"column":19},"end":{"line":268,"column":20}},"loc":{"start":{"line":268,"column":25},"end":{"line":268,"column":47}},"line":268}},"branchMap":{"0":{"loc":{"start":{"line":42,"column":25},"end":{"line":42,"column":68}},"type":"binary-expr","locations":[{"start":{"line":42,"column":25},"end":{"line":42,"column":36}},{"start":{"line":42,"column":40},"end":{"line":42,"column":68}}],"line":42},"1":{"loc":{"start":{"line":48,"column":2},"end":{"line":55,"column":3}},"type":"if","locations":[{"start":{"line":48,"column":2},"end":{"line":55,"column":3}},{"start":{},"end":{}}],"line":48},"2":{"loc":{"start":{"line":57,"column":2},"end":{"line":63,"column":3}},"type":"if","locations":[{"start":{"line":57,"column":2},"end":{"line":63,"column":3}},{"start":{},"end":{}}],"line":57},"3":{"loc":{"start":{"line":65,"column":16},"end":{"line":65,"column":55}},"type":"binary-expr","locations":[{"start":{"line":65,"column":16},"end":{"line":65,"column":49}},{"start":{"line":65,"column":53},"end":{"line":65,"column":55}}],"line":65},"4":{"loc":{"start":{"line":93,"column":23},"end":{"line":95,"column":45}},"type":"cond-expr","locations":[{"start":{"line":94,"column":16},"end":{"line":94,"column":46}},{"start":{"line":95,"column":16},"end":{"line":95,"column":45}}],"line":93},"5":{"loc":{"start":{"line":108,"column":4},"end":{"line":108,"column":71}},"type":"if","locations":[{"start":{"line":108,"column":4},"end":{"line":108,"column":71}},{"start":{},"end":{}}],"line":108},"6":{"loc":{"start":{"line":111,"column":18},"end":{"line":111,"column":57}},"type":"cond-expr","locations":[{"start":{"line":111,"column":43},"end":{"line":111,"column":47}},{"start":{"line":111,"column":50},"end":{"line":111,"column":57}}],"line":111},"7":{"loc":{"start":{"line":149,"column":5},"end":{"line":149,"column":51}},"type":"binary-expr","locations":[{"start":{"line":149,"column":5},"end":{"line":149,"column":21}},{"start":{"line":149,"column":25},"end":{"line":149,"column":51}}],"line":149},"8":{"loc":{"start":{"line":153,"column":3},"end":{"line":190,"column":3}},"type":"binary-expr","locations":[{"start":{"line":153,"column":3},"end":{"line":153,"column":25}},{"start":{"line":154,"column":4},"end":{"line":189,"column":10}}],"line":153},"9":{"loc":{"start":{"line":174,"column":32},"end":{"line":174,"column":54}},"type":"binary-expr","locations":[{"start":{"line":174,"column":32},"end":{"line":174,"column":48}},{"start":{"line":174,"column":52},"end":{"line":174,"column":54}}],"line":174},"10":{"loc":{"start":{"line":193,"column":3},"end":{"line":207,"column":3}},"type":"binary-expr","locations":[{"start":{"line":193,"column":3},"end":{"line":193,"column":25}},{"start":{"line":194,"column":4},"end":{"line":206,"column":10}}],"line":193},"11":{"loc":{"start":{"line":199,"column":22},"end":{"line":199,"column":44}},"type":"binary-expr","locations":[{"start":{"line":199,"column":22},"end":{"line":199,"column":38}},{"start":{"line":199,"column":42},"end":{"line":199,"column":44}}],"line":199},"12":{"loc":{"start":{"line":229,"column":15},"end":{"line":255,"column":15}},"type":"cond-expr","locations":[{"start":{"line":230,"column":16},"end":{"line":232,"column":29}},{"start":{"line":234,"column":16},"end":{"line":254,"column":21}}],"line":229}},"s":{"0":2,"1":43,"2":43,"3":43,"4":43,"5":43,"6":43,"7":43,"8":43,"9":43,"10":3,"11":3,"12":3,"13":3,"14":1,"15":1,"16":1,"17":43,"18":10,"19":33,"20":0,"21":33,"22":33,"23":0,"24":0,"25":0,"26":0,"27":0,"28":0,"29":36,"30":6,"31":6,"32":0,"33":6,"34":1,"35":1,"36":4,"37":4,"38":4,"39":0,"40":0,"41":4,"42":4,"43":4,"44":25,"45":0,"46":1},"f":{"0":43,"1":3,"2":1,"3":0,"4":0,"5":36,"6":6,"7":1,"8":4,"9":4,"10":0,"11":4,"12":25,"13":0,"14":1},"b":{"0":[1,0],"1":[10,33],"2":[0,33],"3":[33,0],"4":[5,31],"5":[0,6],"6":[1,5],"7":[36,0],"8":[36,13],"9":[13,0],"10":[36,23],"11":[4,0],"12":[11,25]},"_coverageSchema":"1a1c01bbd47fc00a2c39e90264f33305004495a9","hash":"1838887068e2b214743e791a7a58024816bd8cfc"}
,"/Users/rishitachoubey/github-clone-app/src/components/CreateRepoForm.js": {"path":"/Users/rishitachoubey/github-clone-app/src/components/CreateRepoForm.js","statementMap":{"0":{"start":{"line":14,"column":23},"end":{"line":84,"column":1}},"1":{"start":{"line":15,"column":26},"end":{"line":15,"column":38}},"2":{"start":{"line":16,"column":26},"end":{"line":16,"column":38}},"3":{"start":{"line":18,"column":36},"end":{"line":33,"column":4}},"4":{"start":{"line":20,"column":6},"end":{"line":20,"column":54}},"5":{"start":{"line":21,"column":6},"end":{"line":21,"column":18}},"6":{"start":{"line":22,"column":6},"end":{"line":22,"column":18}},"7":{"start":{"line":26,"column":18},"end":{"line":26,"column":51}},"8":{"start":{"line":27,"column":6},"end":{"line":31,"column":7}},"9":{"start":{"line":28,"column":8},"end":{"line":28,"column":65}},"10":{"start":{"line":30,"column":8},"end":{"line":30,"column":23}},"11":{"start":{"line":35,"column":23},"end":{"line":42,"column":3}},"12":{"start":{"line":36,"column":4},"end":{"line":36,"column":23}},"13":{"start":{"line":37,"column":4},"end":{"line":40,"column":5}},"14":{"start":{"line":38,"column":6},"end":{"line":38,"column":48}},"15":{"start":{"line":39,"column":6},"end":{"line":39,"column":13}},"16":{"start":{"line":41,"column":4},"end":{"line":41,"column":79}},"17":{"start":{"line":44,"column":2},"end":{"line":83,"column":4}},"18":{"start":{"line":59,"column":25},"end":{"line":59,"column":48}},"19":{"start":{"line":67,"column":31},"end":{"line":67,"column":54}}},"fnMap":{"0":{"name":"(anonymous_0)","decl":{"start":{"line":14,"column":23},"end":{"line":14,"column":24}},"loc":{"start":{"line":14,"column":51},"end":{"line":84,"column":1}},"line":14},"1":{"name":"(anonymous_1)","decl":{"start":{"line":19,"column":17},"end":{"line":19,"column":18}},"loc":{"start":{"line":19,"column":27},"end":{"line":24,"column":5}},"line":19},"2":{"name":"(anonymous_2)","decl":{"start":{"line":25,"column":13},"end":{"line":25,"column":14}},"loc":{"start":{"line":25,"column":24},"end":{"line":32,"column":5}},"line":25},"3":{"name":"(anonymous_3)","decl":{"start":{"line":35,"column":23},"end":{"line":35,"column":24}},"loc":{"start":{"line":35,"column":30},"end":{"line":42,"column":3}},"line":35},"4":{"name":"(anonymous_4)","decl":{"start":{"line":59,"column":18},"end":{"line":59,"column":19}},"loc":{"start":{"line":59,"column":25},"end":{"line":59,"column":48}},"line":59},"5":{"name":"(anonymous_5)","decl":{"start":{"line":67,"column":24},"end":{"line":67,"column":25}},"loc":{"start":{"line":67,"column":31},"end":{"line":67,"column":54}},"line":67}},"branchMap":{"0":{"loc":{"start":{"line":26,"column":18},"end":{"line":26,"column":51}},"type":"binary-expr","locations":[{"start":{"line":26,"column":18},"end":{"line":26,"column":32}},{"start":{"line":26,"column":36},"end":{"line":26,"column":51}}],"line":26},"1":{"loc":{"start":{"line":27,"column":6},"end":{"line":31,"column":7}},"type":"if","locations":[{"start":{"line":27,"column":6},"end":{"line":31,"column":7}},{"start":{"line":29,"column":13},"end":{"line":31,"column":7}}],"line":27},"2":{"loc":{"start":{"line":37,"column":4},"end":{"line":40,"column":5}},"type":"if","locations":[{"start":{"line":37,"column":4},"end":{"line":40,"column":5}},{"start":{},"end":{}}],"line":37},"3":{"loc":{"start":{"line":77,"column":15},"end":{"line":77,"column":77}},"type":"cond-expr","locations":[{"start":{"line":77,"column":25},"end":{"line":77,"column":55}},{"start":{"line":77,"column":58},"end":{"line":77,"column":77}}],"line":77}},"s":{"0":3,"1":44,"2":44,"3":44,"4":1,"5":1,"6":1,"7":1,"8":1,"9":1,"10":0,"11":44,"12":3,"13":3,"14":0,"15":0,"16":3,"17":44,"18":3,"19":0},"f":{"0":44,"1":1,"2":1,"3":3,"4":3,"5":0},"b":{"0":[1,0],"1":[1,0],"2":[0,3],"3":[3,41]},"_coverageSchema":"1a1c01bbd47fc00a2c39e90264f33305004495a9","hash":"3aabaec0f6684a54286b258184aa6dfbcf714368"}
,"/Users/rishitachoubey/github-clone-app/src/mutations/createRepo.js": {"path":"/Users/rishitachoubey/github-clone-app/src/mutations/createRepo.js","statementMap":{"0":{"start":{"line":3,"column":33},"end":{"line":17,"column":1}}},"fnMap":{},"branchMap":{},"s":{"0":3},"f":{},"b":{},"_coverageSchema":"1a1c01bbd47fc00a2c39e90264f33305004495a9","hash":"71c81b9e1baf64244dcb7964e51eb41d8578ee30"}
,"/Users/rishitachoubey/github-clone-app/src/mutations/updateRepo.js": {"path":"/Users/rishitachoubey/github-clone-app/src/mutations/updateRepo.js","statementMap":{"0":{"start":{"line":3,"column":33},"end":{"line":16,"column":1}}},"fnMap":{},"branchMap":{},"s":{"0":2},"f":{},"b":{},"_coverageSchema":"1a1c01bbd47fc00a2c39e90264f33305004495a9","hash":"d62ea7e626b8a218d478e5009e24ca821b2871e1"}
,"/Users/rishitachoubey/github-clone-app/src/queries/getRepositories.js": {"path":"/Users/rishitachoubey/github-clone-app/src/queries/getRepositories.js","statementMap":{"0":{"start":{"line":3,"column":32},"end":{"line":17,"column":1}},"1":{"start":{"line":18,"column":41},"end":{"line":40,"column":1}}},"fnMap":{},"branchMap":{},"s":{"0":2,"1":2},"f":{},"b":{},"_coverageSchema":"1a1c01bbd47fc00a2c39e90264f33305004495a9","hash":"3ff6b52f207633674396c39e6301364bf8a1a2f6"}
}
