TN:
SF:src/App.js
FN:23,(anonymous_0)
FN:35,(anonymous_1)
FN:41,(anonymous_2)
FN:70,(anonymous_3)
FN:75,(anonymous_4)
FN:86,(anonymous_5)
FN:106,(anonymous_6)
FN:129,(anonymous_7)
FN:157,(anonymous_8)
FN:164,(anonymous_9)
FN:180,(anonymous_10)
FN:196,(anonymous_11)
FN:235,(anonymous_12)
FN:264,(anonymous_13)
FN:268,(anonymous_14)
FNF:15
FNH:11
FNDA:43,(anonymous_0)
FNDA:3,(anonymous_1)
FNDA:1,(anonymous_2)
FNDA:0,(anonymous_3)
FNDA:0,(anonymous_4)
FNDA:36,(anonymous_5)
FNDA:6,(anonymous_6)
FNDA:1,(anonymous_7)
FNDA:4,(anonymous_8)
FNDA:4,(anonymous_9)
FNDA:0,(anonymous_10)
FNDA:4,(anonymous_11)
FNDA:25,(anonymous_12)
FNDA:0,(anonymous_13)
FNDA:1,(anonymous_14)
DA:23,2
DA:24,43
DA:25,43
DA:26,43
DA:27,43
DA:28,43
DA:29,43
DA:30,43
DA:31,43
DA:33,43
DA:36,3
DA:37,3
DA:38,3
DA:39,3
DA:42,1
DA:43,1
DA:44,1
DA:48,43
DA:49,10
DA:57,33
DA:58,0
DA:65,33
DA:67,33
DA:71,0
DA:72,0
DA:73,0
DA:76,0
DA:77,0
DA:78,0
DA:87,36
DA:107,6
DA:108,6
DA:111,6
DA:130,1
DA:131,1
DA:157,4
DA:165,4
DA:166,4
DA:181,0
DA:182,0
DA:197,4
DA:198,4
DA:199,4
DA:236,25
DA:264,0
DA:268,1
LF:46
LH:36
BRDA:42,0,0,1
BRDA:42,0,1,0
BRDA:48,1,0,10
BRDA:48,1,1,33
BRDA:57,2,0,0
BRDA:57,2,1,33
BRDA:65,3,0,33
BRDA:65,3,1,0
BRDA:93,4,0,5
BRDA:93,4,1,31
BRDA:108,5,0,0
BRDA:108,5,1,6
BRDA:111,6,0,1
BRDA:111,6,1,5
BRDA:149,7,0,36
BRDA:149,7,1,0
BRDA:153,8,0,36
BRDA:153,8,1,13
BRDA:174,9,0,13
BRDA:174,9,1,0
BRDA:193,10,0,36
BRDA:193,10,1,23
BRDA:199,11,0,4
BRDA:199,11,1,0
BRDA:229,12,0,11
BRDA:229,12,1,25
BRF:26
BRH:19
end_of_record
TN:
SF:src/components/CreateRepoForm.js
FN:14,(anonymous_0)
FN:19,(anonymous_1)
FN:25,(anonymous_2)
FN:35,(anonymous_3)
FN:59,(anonymous_4)
FN:67,(anonymous_5)
FNF:6
FNH:5
FNDA:44,(anonymous_0)
FNDA:1,(anonymous_1)
FNDA:1,(anonymous_2)
FNDA:3,(anonymous_3)
FNDA:3,(anonymous_4)
FNDA:0,(anonymous_5)
DA:14,3
DA:15,44
DA:16,44
DA:18,44
DA:20,1
DA:21,1
DA:22,1
DA:26,1
DA:27,1
DA:28,1
DA:30,0
DA:35,44
DA:36,3
DA:37,3
DA:38,0
DA:39,0
DA:41,3
DA:44,44
DA:59,3
DA:67,0
LF:20
LH:16
BRDA:26,0,0,1
BRDA:26,0,1,0
BRDA:27,1,0,1
BRDA:27,1,1,0
BRDA:37,2,0,0
BRDA:37,2,1,3
BRDA:77,3,0,3
BRDA:77,3,1,41
BRF:8
BRH:5
end_of_record
TN:
SF:src/mutations/createRepo.js
FNF:0
FNH:0
DA:3,3
LF:1
LH:1
BRF:0
BRH:0
end_of_record
TN:
SF:src/mutations/updateRepo.js
FNF:0
FNH:0
DA:3,2
LF:1
LH:1
BRF:0
BRH:0
end_of_record
TN:
SF:src/queries/getRepositories.js
FNF:0
FNH:0
DA:3,2
DA:18,2
LF:2
LH:2
BRF:0
BRH:0
end_of_record
