TN:
SF:src/App.js
FN:23,(anonymous_0)
FN:35,(anonymous_1)
FN:41,(anonymous_2)
FN:70,(anonymous_3)
FN:75,(anonymous_4)
FN:86,(anonymous_5)
FN:105,(anonymous_6)
FN:129,(anonymous_7)
FN:144,(anonymous_8)
FN:151,(anonymous_9)
FN:168,(anonymous_10)
FN:191,(anonymous_11)
FN:234,(anonymous_12)
FN:263,(anonymous_13)
FN:267,(anonymous_14)
FNF:15
FNH:11
FNDA:58,(anonymous_0)
FNDA:3,(anonymous_1)
FNDA:1,(anonymous_2)
FNDA:0,(anonymous_3)
FNDA:0,(anonymous_4)
FNDA:51,(anonymous_5)
FNDA:6,(anonymous_6)
FNDA:1,(anonymous_7)
FNDA:4,(anonymous_8)
FNDA:4,(anonymous_9)
FNDA:0,(anonymous_10)
FNDA:4,(anonymous_11)
FNDA:36,(anonymous_12)
FNDA:0,(anonymous_13)
FNDA:1,(anonymous_14)
DA:23,2
DA:24,58
DA:25,58
DA:26,58
DA:27,58
DA:28,58
DA:29,58
DA:30,58
DA:31,58
DA:33,58
DA:36,3
DA:37,3
DA:38,3
DA:39,3
DA:42,1
DA:43,1
DA:44,1
DA:48,58
DA:49,10
DA:57,48
DA:58,0
DA:65,48
DA:67,48
DA:71,0
DA:72,0
DA:73,0
DA:76,0
DA:77,0
DA:78,0
DA:87,51
DA:107,6
DA:108,6
DA:111,6
DA:130,1
DA:131,1
DA:144,4
DA:152,4
DA:153,4
DA:169,0
DA:170,0
DA:192,4
DA:193,4
DA:194,4
DA:235,36
DA:263,0
DA:267,1
LF:46
LH:36
BRDA:42,0,0,1
BRDA:42,0,1,0
BRDA:48,1,0,10
BRDA:48,1,1,48
BRDA:57,2,0,0
BRDA:57,2,1,48
BRDA:65,3,0,48
BRDA:65,3,1,0
BRDA:93,4,0,5
BRDA:93,4,1,46
BRDA:108,5,0,0
BRDA:108,5,1,6
BRDA:111,6,0,1
BRDA:111,6,1,5
BRDA:140,7,0,28
BRDA:140,7,1,23
BRDA:161,8,0,28
BRDA:161,8,1,0
BRDA:166,9,0,28
BRDA:166,9,1,4
BRDA:166,10,0,28
BRDA:166,10,1,0
BRDA:188,11,0,23
BRDA:188,11,1,0
BRDA:194,12,0,4
BRDA:194,12,1,0
BRDA:214,13,0,5
BRDA:214,13,1,46
BRDA:228,14,0,15
BRDA:228,14,1,36
BRF:30
BRH:22
end_of_record
TN:
SF:src/components/CreateRepoForm.js
FN:14,(anonymous_0)
FN:19,(anonymous_1)
FN:24,(anonymous_2)
FN:34,(anonymous_3)
FN:58,(anonymous_4)
FN:66,(anonymous_5)
FNF:6
FNH:5
FNDA:57,(anonymous_0)
FNDA:1,(anonymous_1)
FNDA:1,(anonymous_2)
FNDA:3,(anonymous_3)
FNDA:3,(anonymous_4)
FNDA:0,(anonymous_5)
DA:14,3
DA:15,57
DA:16,57
DA:18,57
DA:20,1
DA:21,1
DA:22,1
DA:25,1
DA:26,1
DA:27,1
DA:29,0
DA:34,57
DA:35,3
DA:36,3
DA:37,0
DA:38,0
DA:40,3
DA:43,57
DA:58,3
DA:66,0
LF:20
LH:16
BRDA:25,0,0,1
BRDA:25,0,1,0
BRDA:26,1,0,1
BRDA:26,1,1,0
BRDA:36,2,0,0
BRDA:36,2,1,3
BRDA:76,3,0,3
BRDA:76,3,1,54
BRF:8
BRH:5
end_of_record
TN:
SF:src/mutations/createRepo.js
FNF:0
FNH:0
DA:3,3
LF:1
LH:1
BRF:0
BRH:0
end_of_record
TN:
SF:src/mutations/updateRepo.js
FNF:0
FNH:0
DA:3,2
LF:1
LH:1
BRF:0
BRH:0
end_of_record
TN:
SF:src/queries/getRepositories.js
FNF:0
FNH:0
DA:3,2
DA:18,2
LF:2
LH:2
BRF:0
BRH:0
end_of_record
